[10-Jun-2019 23:06:19 Europe/Paris] PHP Notice:  Undefined variable: nomeCientifico in /var/www/html/frontEnd/index.php on line 63
[10-Jun-2019 23:06:19 Europe/Paris] PHP Notice:  Undefined variable: nomeCientifico in /var/www/html/frontEnd/index.php on line 99
[10-Jun-2019 23:06:19 Europe/Paris] PHP Notice:  Undefined variable: nomeCientifico in /var/www/html/frontEnd/index.php on line 103
[10-Jun-2019 23:06:19 Europe/Paris] PHP Notice:  Trying to get property of non-object in /var/www/html/frontEnd/index.php on line 106
[10-Jun-2019 23:06:19 Europe/Paris] PHP Notice:  Trying to get property of non-object in /var/www/html/frontEnd/index.php on line 106
[10-Jun-2019 23:06:25 Europe/Paris] PHP Notice:  Undefined variable: descricao in /var/www/html/frontEnd/index.php on line 159
[10-Jun-2019 23:06:25 Europe/Paris] PHP Notice:  Undefined variable: nomes in /var/www/html/frontEnd/index.php on line 182
[10-Jun-2019 23:06:25 Europe/Paris] PHP Notice:  Undefined variable: especie in /var/www/html/frontEnd/index.php on line 190
[10-Jun-2019 23:06:25 Europe/Paris] PHP Notice:  Undefined variable: familia in /var/www/html/frontEnd/index.php on line 196
[10-Jun-2019 23:06:25 Europe/Paris] PHP Notice:  Undefined variable: ordem in /var/www/html/frontEnd/index.php on line 203
[10-Jun-2019 23:06:25 Europe/Paris] PHP Notice:  Undefined variable: tipofolha in /var/www/html/frontEnd/index.php on line 211
[10-Jun-2019 23:06:25 Europe/Paris] PHP Notice:  Undefined variable: utilizacao in /var/www/html/frontEnd/index.php on line 219
[10-Jun-2019 23:06:25 Europe/Paris] PHP Notice:  Undefined variable: nomeCientifico in /var/www/html/frontEnd/index.php on line 237
[10-Jun-2019 23:06:25 Europe/Paris] PHP Notice:  Trying to get property of non-object in /var/www/html/frontEnd/index.php on line 241
[10-Jun-2019 23:06:25 Europe/Paris] PHP Notice:  Trying to get property of non-object in /var/www/html/frontEnd/index.php on line 241
[10-Jun-2019 23:06:25 Europe/Paris] PHP Notice:  Undefined variable: nomeCientifico in /var/www/html/frontEnd/index.php on line 290
[10-Jun-2019 23:06:25 Europe/Paris] PHP Notice:  Undefined variable: nomeCientifico in /var/www/html/frontEnd/index.php on line 295
[10-Jun-2019 23:06:25 Europe/Paris] PHP Notice:  Undefined variable: nomeCientifico in /var/www/html/frontEnd/index.php on line 301
[10-Jun-2019 23:06:25 Europe/Paris] PHP Notice:  Undefined variable: nomeCientifico in /var/www/html/frontEnd/index.php on line 307
[10-Jun-2019 23:07:08 Europe/Paris] PHP Notice:  Undefined variable: nomeCientifico in /var/www/html/frontEnd/index.php on line 63
[10-Jun-2019 23:07:08 Europe/Paris] PHP Notice:  Undefined variable: nomeCientifico in /var/www/html/frontEnd/index.php on line 99
[10-Jun-2019 23:07:08 Europe/Paris] PHP Notice:  Undefined variable: nomeCientifico in /var/www/html/frontEnd/index.php on line 103
[10-Jun-2019 23:07:09 Europe/Paris] PHP Notice:  Trying to get property of non-object in /var/www/html/frontEnd/index.php on line 106
[10-Jun-2019 23:07:09 Europe/Paris] PHP Notice:  Trying to get property of non-object in /var/www/html/frontEnd/index.php on line 106
[10-Jun-2019 23:07:09 Europe/Paris] PHP Notice:  Undefined variable: descricao in /var/www/html/frontEnd/index.php on line 159
[10-Jun-2019 23:07:09 Europe/Paris] PHP Notice:  Undefined variable: nomes in /var/www/html/frontEnd/index.php on line 182
[10-Jun-2019 23:07:09 Europe/Paris] PHP Notice:  Undefined variable: especie in /var/www/html/frontEnd/index.php on line 190
[10-Jun-2019 23:07:09 Europe/Paris] PHP Notice:  Undefined variable: familia in /var/www/html/frontEnd/index.php on line 196
[10-Jun-2019 23:07:09 Europe/Paris] PHP Notice:  Undefined variable: ordem in /var/www/html/frontEnd/index.php on line 203
[10-Jun-2019 23:07:09 Europe/Paris] PHP Notice:  Undefined variable: tipofolha in /var/www/html/frontEnd/index.php on line 211
[10-Jun-2019 23:07:09 Europe/Paris] PHP Notice:  Undefined variable: utilizacao in /var/www/html/frontEnd/index.php on line 219
[10-Jun-2019 23:07:09 Europe/Paris] PHP Notice:  Undefined variable: nomeCientifico in /var/www/html/frontEnd/index.php on line 237
[10-Jun-2019 23:07:14 Europe/Paris] PHP Notice:  Trying to get property of non-object in /var/www/html/frontEnd/index.php on line 241
[10-Jun-2019 23:07:14 Europe/Paris] PHP Notice:  Trying to get property of non-object in /var/www/html/frontEnd/index.php on line 241
[10-Jun-2019 23:07:14 Europe/Paris] PHP Notice:  Undefined variable: nomeCientifico in /var/www/html/frontEnd/index.php on line 290
[10-Jun-2019 23:07:14 Europe/Paris] PHP Notice:  Undefined variable: nomeCientifico in /var/www/html/frontEnd/index.php on line 295
[10-Jun-2019 23:07:14 Europe/Paris] PHP Notice:  Undefined variable: nomeCientifico in /var/www/html/frontEnd/index.php on line 301
[10-Jun-2019 23:07:14 Europe/Paris] PHP Notice:  Undefined variable: nomeCientifico in /var/www/html/frontEnd/index.php on line 307
[12-Jun-2019 14:25:47 Europe/Paris] PHP Notice:  Undefined variable: nomeCientifico in /var/www/html/frontEnd/index.php on line 63
[12-Jun-2019 14:25:47 Europe/Paris] PHP Notice:  Undefined variable: nomeCientifico in /var/www/html/frontEnd/index.php on line 99
[12-Jun-2019 14:25:47 Europe/Paris] PHP Notice:  Undefined variable: nomeCientifico in /var/www/html/frontEnd/index.php on line 103
[12-Jun-2019 14:25:47 Europe/Paris] PHP Notice:  Trying to get property of non-object in /var/www/html/frontEnd/index.php on line 106
[12-Jun-2019 14:25:47 Europe/Paris] PHP Notice:  Trying to get property of non-object in /var/www/html/frontEnd/index.php on line 106
[12-Jun-2019 14:25:47 Europe/Paris] PHP Notice:  Undefined variable: descricao in /var/www/html/frontEnd/index.php on line 159
[12-Jun-2019 14:25:47 Europe/Paris] PHP Notice:  Undefined variable: nomes in /var/www/html/frontEnd/index.php on line 182
[12-Jun-2019 14:25:47 Europe/Paris] PHP Notice:  Undefined variable: especie in /var/www/html/frontEnd/index.php on line 190
[12-Jun-2019 14:25:47 Europe/Paris] PHP Notice:  Undefined variable: familia in /var/www/html/frontEnd/index.php on line 196
[12-Jun-2019 14:25:47 Europe/Paris] PHP Notice:  Undefined variable: ordem in /var/www/html/frontEnd/index.php on line 203
[12-Jun-2019 14:25:47 Europe/Paris] PHP Notice:  Undefined variable: tipofolha in /var/www/html/frontEnd/index.php on line 211
[12-Jun-2019 14:25:47 Europe/Paris] PHP Notice:  Undefined variable: utilizacao in /var/www/html/frontEnd/index.php on line 219
[12-Jun-2019 14:25:47 Europe/Paris] PHP Notice:  Undefined variable: nomeCientifico in /var/www/html/frontEnd/index.php on line 237
[12-Jun-2019 14:25:47 Europe/Paris] PHP Notice:  Trying to get property of non-object in /var/www/html/frontEnd/index.php on line 241
[12-Jun-2019 14:25:47 Europe/Paris] PHP Notice:  Trying to get property of non-object in /var/www/html/frontEnd/index.php on line 241
[12-Jun-2019 14:25:53 Europe/Paris] PHP Notice:  Undefined variable: nomeCientifico in /var/www/html/frontEnd/index.php on line 290
[12-Jun-2019 14:25:53 Europe/Paris] PHP Notice:  Undefined variable: nomeCientifico in /var/www/html/frontEnd/index.php on line 295
[12-Jun-2019 14:25:53 Europe/Paris] PHP Notice:  Undefined variable: nomeCientifico in /var/www/html/frontEnd/index.php on line 301
[12-Jun-2019 14:25:53 Europe/Paris] PHP Notice:  Undefined variable: nomeCientifico in /var/www/html/frontEnd/index.php on line 307
[12-Jun-2019 14:27:55 Europe/Paris] PHP Notice:  Undefined variable: nomeCientifico in /var/www/html/frontEnd/index.php on line 63
[12-Jun-2019 14:27:55 Europe/Paris] PHP Notice:  Undefined variable: nomeCientifico in /var/www/html/frontEnd/index.php on line 99
[12-Jun-2019 14:27:55 Europe/Paris] PHP Notice:  Undefined variable: nomeCientifico in /var/www/html/frontEnd/index.php on line 103
[12-Jun-2019 14:28:00 Europe/Paris] PHP Notice:  Trying to get property of non-object in /var/www/html/frontEnd/index.php on line 106
[12-Jun-2019 14:28:00 Europe/Paris] PHP Notice:  Trying to get property of non-object in /var/www/html/frontEnd/index.php on line 106
[12-Jun-2019 14:28:00 Europe/Paris] PHP Notice:  Undefined variable: descricao in /var/www/html/frontEnd/index.php on line 159
[12-Jun-2019 14:28:00 Europe/Paris] PHP Notice:  Undefined variable: nomes in /var/www/html/frontEnd/index.php on line 182
[12-Jun-2019 14:28:00 Europe/Paris] PHP Notice:  Undefined variable: especie in /var/www/html/frontEnd/index.php on line 190
[12-Jun-2019 14:28:00 Europe/Paris] PHP Notice:  Undefined variable: familia in /var/www/html/frontEnd/index.php on line 196
[12-Jun-2019 14:28:00 Europe/Paris] PHP Notice:  Undefined variable: ordem in /var/www/html/frontEnd/index.php on line 203
[12-Jun-2019 14:28:00 Europe/Paris] PHP Notice:  Undefined variable: tipofolha in /var/www/html/frontEnd/index.php on line 211
[12-Jun-2019 14:28:00 Europe/Paris] PHP Notice:  Undefined variable: utilizacao in /var/www/html/frontEnd/index.php on line 219
[12-Jun-2019 14:28:00 Europe/Paris] PHP Notice:  Undefined variable: nomeCientifico in /var/www/html/frontEnd/index.php on line 237
[12-Jun-2019 14:28:00 Europe/Paris] PHP Notice:  Trying to get property of non-object in /var/www/html/frontEnd/index.php on line 241
[12-Jun-2019 14:28:00 Europe/Paris] PHP Notice:  Trying to get property of non-object in /var/www/html/frontEnd/index.php on line 241
[12-Jun-2019 14:28:00 Europe/Paris] PHP Notice:  Undefined variable: nomeCientifico in /var/www/html/frontEnd/index.php on line 290
[12-Jun-2019 14:28:00 Europe/Paris] PHP Notice:  Undefined variable: nomeCientifico in /var/www/html/frontEnd/index.php on line 295
[12-Jun-2019 14:28:00 Europe/Paris] PHP Notice:  Undefined variable: nomeCientifico in /var/www/html/frontEnd/index.php on line 301
[12-Jun-2019 14:28:00 Europe/Paris] PHP Notice:  Undefined variable: nomeCientifico in /var/www/html/frontEnd/index.php on line 307
